22:47:04.203 [main] INFO  c.z.s.SecondaryMarketApplication - Starting SecondaryMarketApplication on 华硕 with PID 21536 (D:\桌面\secondarymarket\target\classes started by ASUS in D:\桌面\secondarymarket) 
22:47:04.231 [main] INFO  c.z.s.SecondaryMarketApplication - No active profile set, falling back to default profiles: default 
22:47:06.778 [main] INFO  o.s.d.r.c.RepositoryConfigurationDelegate - Multiple Spring Data modules found, entering strict repository configuration mode! 
22:47:06.789 [main] INFO  o.s.d.r.c.RepositoryConfigurationDelegate - Bootstrapping Spring Data Redis repositories in DEFAULT mode. 
22:47:06.900 [main] INFO  o.s.d.r.c.RepositoryConfigurationDelegate - Finished Spring Data repository scanning in 50ms. Found 0 Redis repository interfaces. 
22:47:07.205 [main] WARN  o.m.s.mapper.ClassPathMapperScanner - No MyBatis mapper was found in '[com.zq.prd.sptl.mapper]' package. Please check your configuration. 
22:47:09.440 [main] INFO  o.s.b.w.e.tomcat.TomcatWebServer - Tomcat initialized with port(s): 8888 (http) 
22:47:09.464 [main] INFO  o.a.catalina.core.StandardService - Starting service [Tomcat] 
22:47:09.467 [main] INFO  o.a.catalina.core.StandardEngine - Starting Servlet engine: [Apache Tomcat/9.0.38] 
22:47:09.473 [main] INFO  o.a.c.core.AprLifecycleListener - Loaded Apache Tomcat Native library [1.2.24] using APR version [1.7.0]. 
22:47:09.475 [main] INFO  o.a.c.core.AprLifecycleListener - APR capabilities: IPv6 [true], sendfile [true], accept filters [false], random [true]. 
22:47:09.476 [main] INFO  o.a.c.core.AprLifecycleListener - APR/OpenSSL configuration: useAprConnector [false], useOpenSSL [true] 
22:47:09.606 [main] INFO  o.a.c.core.AprLifecycleListener - OpenSSL successfully initialized [OpenSSL 1.1.1g  21 Apr 2020] 
22:47:09.756 [main] INFO  o.a.c.c.C.[.[.[/secondarymarket] - Initializing Spring embedded WebApplicationContext 
22:47:09.759 [main] INFO  o.s.b.w.s.c.ServletWebServerApplicationContext - Root WebApplicationContext: initialization completed in 5311 ms 
22:47:12.674 [main] INFO  o.s.s.c.ThreadPoolTaskExecutor - Initializing ExecutorService 'applicationTaskExecutor' 
22:47:15.026 [main] INFO  o.s.s.c.ThreadPoolTaskScheduler - Initializing ExecutorService 'taskScheduler' 
22:47:15.208 [main] INFO  o.s.b.w.e.tomcat.TomcatWebServer - Tomcat started on port(s): 8888 (http) with context path '/secondarymarket' 
22:47:15.258 [main] INFO  c.z.s.SecondaryMarketApplication - Started SecondaryMarketApplication in 12.017 seconds (JVM running for 13.753) 
22:47:53.504 [http-nio-8888-exec-3] INFO  o.a.c.c.C.[.[.[/secondarymarket] - Initializing Spring DispatcherServlet 'dispatcherServlet' 
22:47:53.506 [http-nio-8888-exec-3] INFO  o.s.web.servlet.DispatcherServlet - Initializing Servlet 'dispatcherServlet' 
22:47:53.516 [http-nio-8888-exec-3] INFO  o.s.web.servlet.DispatcherServlet - Completed initialization in 9 ms 
22:47:54.209 [http-nio-8888-exec-3] INFO  c.a.druid.pool.DruidDataSource - {dataSource-1} inited 
23:20:53.829 [main] INFO  c.z.s.SecondaryMarketApplication - Starting SecondaryMarketApplication on 华硕 with PID 7368 (D:\桌面\secondarymarket\target\classes started by ASUS in D:\桌面\secondarymarket) 
23:20:53.834 [main] INFO  c.z.s.SecondaryMarketApplication - No active profile set, falling back to default profiles: default 
23:20:55.310 [main] INFO  o.s.d.r.c.RepositoryConfigurationDelegate - Multiple Spring Data modules found, entering strict repository configuration mode! 
23:20:55.315 [main] INFO  o.s.d.r.c.RepositoryConfigurationDelegate - Bootstrapping Spring Data Redis repositories in DEFAULT mode. 
23:20:55.367 [main] INFO  o.s.d.r.c.RepositoryConfigurationDelegate - Finished Spring Data repository scanning in 24ms. Found 0 Redis repository interfaces. 
23:20:55.572 [main] WARN  o.m.s.mapper.ClassPathMapperScanner - No MyBatis mapper was found in '[com.zq.prd.sptl.mapper]' package. Please check your configuration. 
23:20:57.549 [main] INFO  o.s.b.w.e.tomcat.TomcatWebServer - Tomcat initialized with port(s): 8888 (http) 
23:20:57.568 [main] INFO  o.a.catalina.core.StandardService - Starting service [Tomcat] 
23:20:57.570 [main] INFO  o.a.catalina.core.StandardEngine - Starting Servlet engine: [Apache Tomcat/9.0.38] 
23:20:57.573 [main] INFO  o.a.c.core.AprLifecycleListener - Loaded Apache Tomcat Native library [1.2.24] using APR version [1.7.0]. 
23:20:57.575 [main] INFO  o.a.c.core.AprLifecycleListener - APR capabilities: IPv6 [true], sendfile [true], accept filters [false], random [true]. 
23:20:57.577 [main] INFO  o.a.c.core.AprLifecycleListener - APR/OpenSSL configuration: useAprConnector [false], useOpenSSL [true] 
23:20:57.583 [main] INFO  o.a.c.core.AprLifecycleListener - OpenSSL successfully initialized [OpenSSL 1.1.1g  21 Apr 2020] 
23:20:57.713 [main] INFO  o.a.c.c.C.[.[.[/secondarymarket] - Initializing Spring embedded WebApplicationContext 
23:20:57.715 [main] INFO  o.s.b.w.s.c.ServletWebServerApplicationContext - Root WebApplicationContext: initialization completed in 3793 ms 
23:20:58.923 [main] INFO  o.s.s.c.ThreadPoolTaskExecutor - Initializing ExecutorService 'applicationTaskExecutor' 
23:21:01.115 [main] INFO  o.s.s.c.ThreadPoolTaskScheduler - Initializing ExecutorService 'taskScheduler' 
23:21:01.243 [main] INFO  o.s.b.w.e.tomcat.TomcatWebServer - Tomcat started on port(s): 8888 (http) with context path '/secondarymarket' 
23:21:01.283 [main] INFO  c.z.s.SecondaryMarketApplication - Started SecondaryMarketApplication in 8.047 seconds (JVM running for 8.851) 
23:21:21.247 [http-nio-8888-exec-1] INFO  o.a.c.c.C.[.[.[/secondarymarket] - Initializing Spring DispatcherServlet 'dispatcherServlet' 
23:21:21.249 [http-nio-8888-exec-1] INFO  o.s.web.servlet.DispatcherServlet - Initializing Servlet 'dispatcherServlet' 
23:21:21.259 [http-nio-8888-exec-1] INFO  o.s.web.servlet.DispatcherServlet - Completed initialization in 9 ms 
23:21:21.322 [http-nio-8888-exec-1] WARN  o.s.w.s.m.s.DefaultHandlerExceptionResolver - Resolved [org.springframework.web.bind.MissingServletRequestParameterException: Required String parameter 'userId' is not present] 
